# JRE version: OpenJDK Runtime Environment (8.0_242-b01) (build 1.8.0_242-release-1644-b01)
# Java VM: OpenJDK 64-Bit Server VM (25.242-b01 mixed mode windows-amd64 compressed oops)
Heap:
 PSYoungGen      total 169984K, used 101746K [0x00000000d5580000, 0x00000000e2900000, 0x0000000100000000)
  eden space 150016K, 54% used [0x00000000d5580000,0x00000000da55f3c8,0x00000000de800000)
  from space 19968K, 99% used [0x00000000de800000,0x00000000dfb7d798,0x00000000dfb80000)
  to   space 26624K, 0% used [0x00000000e0f00000,0x00000000e0f00000,0x00000000e2900000)
 ParOldGen       total 123904K, used 43494K [0x0000000080000000, 0x0000000087900000, 0x00000000d5580000)
  object space 123904K, 35% used [0x0000000080000000,0x0000000082a79bc8,0x0000000087900000)
 Metaspace       used 70646K, capacity 73718K, committed 73904K, reserved 1114112K
  class space    used 9425K, capacity 10078K, committed 10160K, reserved 1048576K
GC Heap History (10 events):
Event: 17.081 GC heap before
{Heap before GC invocations=16 (full 2):
 PSYoungGen      total 132096K, used 85803K [0x00000000d5580000, 0x00000000df480000, 0x0000000100000000)
  eden space 119296K, 61% used [0x00000000d5580000,0x00000000d9ccae10,0x00000000dca00000)
  from space 12800K, 99% used [0x00000000dca00000,0x00000000dd67fe20,0x00000000dd680000)
  to   space 16384K, 0% used [0x00000000de480000,0x00000000de480000,0x00000000df480000)
 ParOldGen       total 77824K, used 19625K [0x0000000080000000, 0x0000000084c00000, 0x00000000d5580000)
  object space 77824K, 25% used [0x0000000080000000,0x000000008132a548,0x0000000084c00000)
 Metaspace       used 57074K, capacity 59056K, committed 59160K, reserved 1099776K
  class space    used 7824K, capacity 8283K, committed 8368K, reserved 1048576K
Event: 17.103 GC heap after
Heap after GC invocations=16 (full 2):
 PSYoungGen      total 146944K, used 8201K [0x00000000d5580000, 0x00000000e0400000, 0x0000000100000000)
  eden space 130560K, 0% used [0x00000000d5580000,0x00000000d5580000,0x00000000dd500000)
  from space 16384K, 50% used [0x00000000de480000,0x00000000dec824e0,0x00000000df480000)
  to   space 15872K, 0% used [0x00000000dd500000,0x00000000dd500000,0x00000000de480000)
 ParOldGen       total 77824K, used 31819K [0x0000000080000000, 0x0000000084c00000, 0x00000000d5580000)
  object space 77824K, 40% used [0x0000000080000000,0x0000000081f12c40,0x0000000084c00000)
 Metaspace       used 57074K, capacity 59056K, committed 59160K, reserved 1099776K
  class space    used 7824K, capacity 8283K, committed 8368K, reserved 1048576K
}
Event: 17.103 GC heap before
{Heap before GC invocations=17 (full 3):
 PSYoungGen      total 146944K, used 8201K [0x00000000d5580000, 0x00000000e0400000, 0x0000000100000000)
  eden space 130560K, 0% used [0x00000000d5580000,0x00000000d5580000,0x00000000dd500000)
  from space 16384K, 50% used [0x00000000de480000,0x00000000dec824e0,0x00000000df480000)
  to   space 15872K, 0% used [0x00000000dd500000,0x00000000dd500000,0x00000000de480000)
 ParOldGen       total 77824K, used 31819K [0x0000000080000000, 0x0000000084c00000, 0x00000000d5580000)
  object space 77824K, 40% used [0x0000000080000000,0x0000000081f12c40,0x0000000084c00000)
 Metaspace       used 57074K, capacity 59056K, committed 59160K, reserved 1099776K
  class space    used 7824K, capacity 8283K, committed 8368K, reserved 1048576K
Event: 17.453 GC heap after
Heap after GC invocations=17 (full 3):
 PSYoungGen      total 146944K, used 0K [0x00000000d5580000, 0x00000000e0400000, 0x0000000100000000)
  eden space 130560K, 0% used [0x00000000d5580000,0x00000000d5580000,0x00000000dd500000)
  from space 16384K, 0% used [0x00000000de480000,0x00000000de480000,0x00000000df480000)
  to   space 15872K, 0% used [0x00000000dd500000,0x00000000dd500000,0x00000000de480000)
 ParOldGen       total 123904K, used 32248K [0x0000000080000000, 0x0000000087900000, 0x00000000d5580000)
  object space 123904K, 26% used [0x0000000080000000,0x0000000081f7e0f8,0x0000000087900000)
 Metaspace       used 57060K, capacity 59008K, committed 59160K, reserved 1099776K
  class space    used 7820K, capacity 8275K, committed 8368K, reserved 1048576K
}
Event: 20.953 GC heap before
{Heap before GC invocations=18 (full 3):
 PSYoungGen      total 146944K, used 130560K [0x00000000d5580000, 0x00000000e0400000, 0x0000000100000000)
  eden space 130560K, 100% used [0x00000000d5580000,0x00000000dd500000,0x00000000dd500000)
  from space 16384K, 0% used [0x00000000de480000,0x00000000de480000,0x00000000df480000)
  to   space 15872K, 0% used [0x00000000dd500000,0x00000000dd500000,0x00000000de480000)
 ParOldGen       total 123904K, used 32248K [0x0000000080000000, 0x0000000087900000, 0x00000000d5580000)
  object space 123904K, 26% used [0x0000000080000000,0x0000000081f7e0f8,0x0000000087900000)
 Metaspace       used 60952K, capacity 63518K, committed 63792K, reserved 1103872K
  class space    used 8365K, capacity 8922K, committed 9008K, reserved 1048576K
Event: 20.972 GC heap after
Heap after GC invocations=18 (full 3):
 PSYoungGen      total 146432K, used 12270K [0x00000000d5580000, 0x00000000e0c00000, 0x0000000100000000)
  eden space 130560K, 0% used [0x00000000d5580000,0x00000000d5580000,0x00000000dd500000)
  from space 15872K, 77% used [0x00000000dd500000,0x00000000de0fbb70,0x00000000de480000)
  to   space 16896K, 0% used [0x00000000dfb80000,0x00000000dfb80000,0x00000000e0c00000)
 ParOldGen       total 123904K, used 32256K [0x0000000080000000, 0x0000000087900000, 0x00000000d5580000)
  object space 123904K, 26% used [0x0000000080000000,0x0000000081f800f8,0x0000000087900000)
 Metaspace       used 60952K, capacity 63518K, committed 63792K, reserved 1103872K
  class space    used 8365K, capacity 8922K, committed 9008K, reserved 1048576K
}
Event: 23.485 GC heap before
{Heap before GC invocations=19 (full 3):
 PSYoungGen      total 146432K, used 142830K [0x00000000d5580000, 0x00000000e0c00000, 0x0000000100000000)
  eden space 130560K, 100% used [0x00000000d5580000,0x00000000dd500000,0x00000000dd500000)
  from space 15872K, 77% used [0x00000000dd500000,0x00000000de0fbb70,0x00000000de480000)
  to   space 16896K, 0% used [0x00000000dfb80000,0x00000000dfb80000,0x00000000e0c00000)
 ParOldGen       total 123904K, used 32256K [0x0000000080000000, 0x0000000087900000, 0x00000000d5580000)
  object space 123904K, 26% used [0x0000000080000000,0x0000000081f800f8,0x0000000087900000)
 Metaspace       used 63356K, capacity 66152K, committed 66480K, reserved 1105920K
  class space    used 8725K, capacity 9285K, committed 9392K, reserved 1048576K
Event: 23.505 GC heap after
Heap after GC invocations=19 (full 3):
 PSYoungGen      total 166912K, used 16892K [0x00000000d5580000, 0x00000000e1080000, 0x0000000100000000)
  eden space 150016K, 0% used [0x00000000d5580000,0x00000000d5580000,0x00000000de800000)
  from space 16896K, 99% used [0x00000000dfb80000,0x00000000e0bff040,0x00000000e0c00000)
  to   space 19968K, 0% used [0x00000000de800000,0x00000000de800000,0x00000000dfb80000)
 ParOldGen       total 123904K, used 33235K [0x0000000080000000, 0x0000000087900000, 0x00000000d5580000)
  object space 123904K, 26% used [0x0000000080000000,0x0000000082074c70,0x0000000087900000)
 Metaspace       used 63356K, capacity 66152K, committed 66480K, reserved 1105920K
  class space    used 8725K, capacity 9285K, committed 9392K, reserved 1048576K
}
Event: 805.002 GC heap before
{Heap before GC invocations=20 (full 3):
 PSYoungGen      total 166912K, used 166908K [0x00000000d5580000, 0x00000000e1080000, 0x0000000100000000)
  eden space 150016K, 100% used [0x00000000d5580000,0x00000000de800000,0x00000000de800000)
  from space 16896K, 99% used [0x00000000dfb80000,0x00000000e0bff040,0x00000000e0c00000)
  to   space 19968K, 0% used [0x00000000de800000,0x00000000de800000,0x00000000dfb80000)
 ParOldGen       total 123904K, used 33235K [0x0000000080000000, 0x0000000087900000, 0x00000000d5580000)
  object space 123904K, 26% used [0x0000000080000000,0x0000000082074c70,0x0000000087900000)
 Metaspace       used 70487K, capacity 73452K, committed 73648K, reserved 1112064K
  class space    used 9418K, capacity 10039K, committed 10160K, reserved 1048576K
Event: 806.389 GC heap after
Heap after GC invocations=20 (full 3):
 PSYoungGen      total 169984K, used 19957K [0x00000000d5580000, 0x00000000e2900000, 0x0000000100000000)
  eden space 150016K, 0% used [0x00000000d5580000,0x00000000d5580000,0x00000000de800000)
  from space 19968K, 99% used [0x00000000de800000,0x00000000dfb7d798,0x00000000dfb80000)
  to   space 26624K, 0% used [0x00000000e0f00000,0x00000000e0f00000,0x00000000e2900000)
 ParOldGen       total 123904K, used 43494K [0x0000000080000000, 0x0000000087900000, 0x00000000d5580000)
  object space 123904K, 35% used [0x0000000080000000,0x0000000082a79bc8,0x0000000087900000)
 Metaspace       used 70487K, capacity 73452K, committed 73648K, reserved 1112064K
  class space    used 9418K, capacity 10039K, committed 10160K, reserved 1048576K
}

